<?xml version="1.0" encoding="UTF-8"?>
<!-- Generated by org.testng.reporters.JUnitReportReporter -->
<testsuite skipped="0" hostname="61d37ca4e3de" name="src.test.java.com.searchmodule.tests.SearchTest" tests="4" failures="0" timestamp="07 Apr 2019 15:57:22 GMT" time="23.343" errors="0">
  <testcase name="search" time="5.978" classname="src.test.java.com.searchmodule.tests.SearchTest"/>
  <testcase name="search" time="6.227" classname="src.test.java.com.searchmodule.tests.SearchTest"/>
  <testcase name="search" time="5.423" classname="src.test.java.com.searchmodule.tests.SearchTest"/>
  <testcase name="search" time="5.715" classname="src.test.java.com.searchmodule.tests.SearchTest"/>
</testsuite> <!-- src.test.java.com.searchmodule.tests.SearchTest -->
